<?xml version="1.0" encoding="UTF-8"?>
<testng-results total="1" passed="1" failed="0" skipped="0">
  <reporter-output>
  </reporter-output>
  <suite started-at="2022-06-24T15:15:34Z" name="Free CRM Application Test" finished-at="2022-06-24T15:16:21Z" duration-ms="47217">
    <groups>
    </groups>
    <test started-at="2022-06-24T15:15:34Z" name="End to End Test" finished-at="2022-06-24T15:16:21Z" duration-ms="47217">
      <class name="com.arco.testcases.HomePageTest">
        <test-method is-config="true" signature="beforeSetup(java.lang.String)[pri:0, instance:com.arco.testcases.HomePageTest@31ea9581]" started-at="2022-06-24T17:15:34Z" name="beforeSetup" finished-at="2022-06-24T17:15:35Z" duration-ms="1092" status="PASS">
          <params>
            <param index="0">
              <value>
                <![CDATA[chrome]]>
              </value>
            </param>
          </params>
          <reporter-output>
          </reporter-output>
        </test-method> <!-- beforeSetup -->
        <test-method signature="clickOnFinanceTest()[pri:0, instance:com.arco.testcases.HomePageTest@31ea9581]" started-at="2022-06-24T17:15:35Z" name="clickOnFinanceTest" finished-at="2022-06-24T17:16:21Z" duration-ms="46113" status="PASS">
          <reporter-output>
          </reporter-output>
        </test-method> <!-- clickOnFinanceTest -->
        <test-method is-config="true" signature="AfterSetup()[pri:0, instance:com.arco.testcases.HomePageTest@31ea9581]" started-at="2022-06-24T17:16:21Z" name="AfterSetup" finished-at="2022-06-24T17:16:21Z" duration-ms="0" status="PASS">
          <reporter-output>
          </reporter-output>
        </test-method> <!-- AfterSetup -->
      </class> <!-- com.arco.testcases.HomePageTest -->
    </test> <!-- End to End Test -->
  </suite> <!-- Free CRM Application Test -->
</testng-results>
